<?xml version="1.0" encoding="UTF-8"?>
<testsuite xmlns:xsi="http://www.w3.org/2001/XMLSchema-instance" xsi:noNamespaceSchemaLocation="https://maven.apache.org/surefire/maven-surefire-plugin/xsd/surefire-test-report-3.0.xsd" version="3.0" name="br.edu.ifsul.cc.lpoo.cv.test.TestPersistenciaJDBC" time="0.22" tests="1" errors="0" skipped="0" failures="0">
  <properties>
[...]
</properties>
  <testcase name="testPersistenciaConexao" classname="br.edu.ifsul.cc.lpoo.cv.test.TestPersistenciaJDBC" time="0.195">
    <system-out><![CDATA[Tentando estabelecer conexao JDBC com : jdbc:postgresql://localhost:5432/db_cv_2022_2 ...
conectou no BD via jpa ...
Fechou conexao JDBC
]]></system-out>
  </testcase>
</testsuite>